Using pre-set license
Built from '2021.3/china_unity/release' branch; Version is '2021.3.22f1c1 (99bccbe894f5) revision 10075339'; Using compiler version '192829333'; Build Type 'Release'
OS: 'Windows 11  (10.0.26100) 64bit Professional' Language: 'zh' Physical Memory: 16192 MB
BatchMode: 1, IsHumanControllingUs: 0, StartBugReporterOnCrash: 0, Is64bit: 1, IsPro: 1

COMMAND LINE ARGUMENTS:
C:\Program Files\Unity\Hub\Editor\2021.3.22f1c1\Editor\Unity.exe
-adb2
-batchMode
-noUpm
-name
AssetImportWorker0
-projectPath
D:/Unity/test/My project
-logFile
Logs/AssetImportWorker0.log
-srvPort
61966
Successfully changed project path to: D:/Unity/test/My project
D:/Unity/test/My project
[UnityMemory] Configuration Parameters - Can be set up in boot.config
    "memorysetup-bucket-allocator-granularity=16"
    "memorysetup-bucket-allocator-bucket-count=8"
    "memorysetup-bucket-allocator-block-size=33554432"
    "memorysetup-bucket-allocator-block-count=8"
    "memorysetup-main-allocator-block-size=16777216"
    "memorysetup-thread-allocator-block-size=16777216"
    "memorysetup-gfx-main-allocator-block-size=16777216"
    "memorysetup-gfx-thread-allocator-block-size=16777216"
    "memorysetup-cache-allocator-block-size=4194304"
    "memorysetup-typetree-allocator-block-size=2097152"
    "memorysetup-profiler-bucket-allocator-granularity=16"
    "memorysetup-profiler-bucket-allocator-bucket-count=8"
    "memorysetup-profiler-bucket-allocator-block-size=33554432"
    "memorysetup-profiler-bucket-allocator-block-count=8"
    "memorysetup-profiler-allocator-block-size=16777216"
    "memorysetup-profiler-editor-allocator-block-size=1048576"
    "memorysetup-temp-allocator-size-main=16777216"
    "memorysetup-job-temp-allocator-block-size=2097152"
    "memorysetup-job-temp-allocator-block-size-background=1048576"
    "memorysetup-job-temp-allocator-reduction-small-platforms=262144"
    "memorysetup-temp-allocator-size-background-worker=32768"
    "memorysetup-temp-allocator-size-job-worker=262144"
    "memorysetup-temp-allocator-size-preload-manager=33554432"
    "memorysetup-temp-allocator-size-nav-mesh-worker=65536"
    "memorysetup-temp-allocator-size-audio-worker=65536"
    "memorysetup-temp-allocator-size-cloud-worker=32768"
    "memorysetup-temp-allocator-size-gi-baking-worker=262144"
    "memorysetup-temp-allocator-size-gfx=262144"
Player connection [24572] Host "[IP] 192.168.1.5 [Port] 0 [Flags] 2 [Guid] 842380696 [EditorId] 842380696 [Version] 1048832 [Id] WindowsEditor(7,DESKTOP-15Q1NHG) [Debug] 1 [PackageName] WindowsEditor [ProjectName] Editor" joined multi-casting on [225.0.0.222:54997]...

Player connection [24572] Host "[IP] 192.168.1.5 [Port] 0 [Flags] 2 [Guid] 842380696 [EditorId] 842380696 [Version] 1048832 [Id] WindowsEditor(7,DESKTOP-15Q1NHG) [Debug] 1 [PackageName] WindowsEditor [ProjectName] Editor" joined alternative multi-casting on [225.0.0.222:34997]...

AS: AutoStreaming module initializing.
Refreshing native plugins compatible for Editor in 191.32 ms, found 3 plugins.
Preloading 0 native plugins for Editor in 0.00 ms.
Initialize engine version: 2021.3.22f1c1 (99bccbe894f5)
[Subsystems] Discovering subsystems at path C:/Program Files/Unity/Hub/Editor/2021.3.22f1c1/Editor/Data/Resources/UnitySubsystems
[Subsystems] Discovering subsystems at path D:/Unity/test/My project/Assets
GfxDevice: creating device client; threaded=0; jobified=0
Direct3D:
    Version:  Direct3D 11.0 [level 11.1]
    Renderer: NVIDIA GeForce GTX 1650 (ID=0x1f91)
    Vendor:   NVIDIA
    VRAM:     3935 MB
    Driver:   32.0.15.5599
Initialize mono
Mono path[0] = 'C:/Program Files/Unity/Hub/Editor/2021.3.22f1c1/Editor/Data/Managed'
Mono path[1] = 'C:/Program Files/Unity/Hub/Editor/2021.3.22f1c1/Editor/Data/MonoBleedingEdge/lib/mono/unityjit-win32'
Mono config path = 'C:/Program Files/Unity/Hub/Editor/2021.3.22f1c1/Editor/Data/MonoBleedingEdge/etc'
Using monoOptions --debugger-agent=transport=dt_socket,embedding=1,server=y,suspend=n,address=127.0.0.1:56172
Begin MonoManager ReloadAssembly
Registering precompiled unity dll's ...
Register platform support module: C:/Program Files/Unity/Hub/Editor/2021.3.22f1c1/Editor/Data/PlaybackEngines/AndroidPlayer/UnityEditor.Android.Extensions.dll
Register platform support module: C:/Program Files/Unity/Hub/Editor/2021.3.22f1c1/Editor/Data/PlaybackEngines/WindowsStandaloneSupport/UnityEditor.WindowsStandalone.Extensions.dll
Registered in 0.022808 seconds.
Native extension for WindowsStandalone target not found
Native extension for Android target not found
Android Extension - Scanning For ADB Devices 774 ms
Refreshing native plugins compatible for Editor in 128.03 ms, found 3 plugins.
Preloading 0 native plugins for Editor in 0.00 ms.
Mono: successfully reloaded assembly
- Completed reload, in  2.243 seconds
Domain Reload Profiling:
	ReloadAssembly (2244ms)
		BeginReloadAssembly (250ms)
			ExecutionOrderSort (0ms)
			DisableScriptedObjects (0ms)
			BackupInstance (0ms)
			ReleaseScriptingObjects (0ms)
			CreateAndSetChildDomain (1ms)
		EndReloadAssembly (1733ms)
			LoadAssemblies (239ms)
			RebuildTransferFunctionScriptingTraits (0ms)
			SetupTypeCache (249ms)
			ReleaseScriptCaches (0ms)
			RebuildScriptCaches (46ms)
			SetupLoadedEditorAssemblies (1324ms)
				LogAssemblyErrors (0ms)
				InitializePlatformSupportModulesInManaged (908ms)
				SetLoadedEditorAssemblies (0ms)
				RefreshPlugins (128ms)
				BeforeProcessingInitializeOnLoad (3ms)
				ProcessInitializeOnLoadAttributes (185ms)
				ProcessInitializeOnLoadMethodAttributes (98ms)
				AfterProcessingInitializeOnLoad (0ms)
				EditorAssembliesLoaded (1ms)
			ExecutionOrderSort2 (0ms)
			AwakeInstancesAfterBackupRestoration (0ms)
Platform modules already initialized, skipping
Registering precompiled user dll's ...
Registered in 0.032808 seconds.
Begin MonoManager ReloadAssembly
Symbol file LoadedFromMemory doesn't match image D:\Unity\test\My project\Library\PackageCache\com.unity.visualscripting@1.8.0\Editor\VisualScripting.Core\Dependencies\YamlDotNet\Unity.VisualScripting.YamlDotNet.dll
Symbol file LoadedFromMemory doesn't match image D:\Unity\test\My project\Library\PackageCache\com.unity.visualscripting@1.8.0\Editor\VisualScripting.Core\Dependencies\DotNetZip\Unity.VisualScripting.IonicZip.dll
Native extension for WindowsStandalone target not found
Native extension for Android target not found
Refreshing native plugins compatible for Editor in 0.82 ms, found 3 plugins.
Preloading 0 native plugins for Editor in 0.00 ms.
Mono: successfully reloaded assembly
- Completed reload, in  2.671 seconds
Domain Reload Profiling:
	ReloadAssembly (2673ms)
		BeginReloadAssembly (246ms)
			ExecutionOrderSort (0ms)
			DisableScriptedObjects (11ms)
			BackupInstance (0ms)
			ReleaseScriptingObjects (0ms)
			CreateAndSetChildDomain (33ms)
		EndReloadAssembly (2104ms)
			LoadAssemblies (211ms)
			RebuildTransferFunctionScriptingTraits (0ms)
			SetupTypeCache (546ms)
			ReleaseScriptCaches (1ms)
			RebuildScriptCaches (104ms)
			SetupLoadedEditorAssemblies (1150ms)
				LogAssemblyErrors (0ms)
				InitializePlatformSupportModulesInManaged (35ms)
				SetLoadedEditorAssemblies (1ms)
				RefreshPlugins (1ms)
				BeforeProcessingInitializeOnLoad (173ms)
				ProcessInitializeOnLoadAttributes (825ms)
				ProcessInitializeOnLoadMethodAttributes (55ms)
				AfterProcessingInitializeOnLoad (61ms)
				EditorAssembliesLoaded (0ms)
			ExecutionOrderSort2 (0ms)
			AwakeInstancesAfterBackupRestoration (17ms)
Platform modules already initialized, skipping
========================================================================
Worker process is ready to serve import requests
Launched and connected shader compiler UnityShaderCompiler.exe after 0.11 seconds
Refreshing native plugins compatible for Editor in 1.41 ms, found 3 plugins.
Preloading 0 native plugins for Editor in 0.00 ms.
Unloading 3083 Unused Serialized files (Serialized files now loaded: 0)
Unloading 27 unused Assets / (113.6 KB). Loaded Objects now: 3549.
Memory consumption went from 112.8 MB to 112.7 MB.
Total: 8.964400 ms (FindLiveObjects: 0.454700 ms CreateObjectMapping: 0.506600 ms MarkObjects: 7.801600 ms  DeleteObjects: 0.199100 ms)

AssetImportParameters requested are different than current active one (requested -> active):
  custom:video-decoder-ogg-theora: a1e56fd34408186e4bbccfd4996cb3dc -> 
  custom:container-muxer-webm: aa71ff27fc2769a1b78a27578f13a17b -> 
  custom:container-demuxer-webm: 4f35f7cbe854078d1ac9338744f61a02 -> 
  custom:postprocessor/textureSprite: 1909f56bfc062723c751e8b465ee728b -> 6c974d5fbdd46f48f79c9d1ddb8bc3f3
  custom:video-encoder-webm-vp8: eb34c28f22e8b96e1ab97ce403110664 -> 
  custom:audio-encoder-webm-vorbis: bf7c407c2cedff20999df2af8eb42d56 -> 
  custom:framework-win-MediaFoundation: 216162199b28c13a410421893ffa2e32 -> 
  custom:container-demuxer-ogg: 62fdf1f143b41e24485cea50d1cbac27 -> 
  custom:video-decoder-webm-vp8: 9c59270c3fd7afecdb556c50c9e8de78 -> 
  custom:audio-decoder-ogg-vorbis: bf7c407c2cedff20999df2af8eb42d56 -> 
  custom:postprocessor/texture2D: 1909f56bfc062723c751e8b465ee728b -> 6c974d5fbdd46f48f79c9d1ddb8bc3f3
  custom:postprocessor/texturePreprocessor: 1909f56bfc062723c751e8b465ee728b -> 6c974d5fbdd46f48f79c9d1ddb8bc3f3
========================================================================
Received Import Request.
  Time since last request: 5911.669529 seconds.
  path: Assets/Scripts/FirstControl/PlayerControl.cs
  artifactKey: Guid(926185da3e4b1364aac8486ba528cff5) Importer(815301076,1909f56bfc062723c751e8b465ee728b)
Start importing Assets/Scripts/FirstControl/PlayerControl.cs using Guid(926185da3e4b1364aac8486ba528cff5) Importer(815301076,1909f56bfc062723c751e8b465ee728b)  -> (artifact id: '83e168e380091548b254ab2dc9f45956') in 0.071081 seconds 
========================================================================
Received Import Request.
  Time since last request: 0.000072 seconds.
  path: Assets/Resources/DOTweenSettings.asset
  artifactKey: Guid(6fed1ebfdfd05514e835916802d15a24) Importer(815301076,1909f56bfc062723c751e8b465ee728b)
Start importing Assets/Resources/DOTweenSettings.asset using Guid(6fed1ebfdfd05514e835916802d15a24) Importer(815301076,1909f56bfc062723c751e8b465ee728b)  -> (artifact id: '3baaa0a7d903698f92948acbf74d25b9') in 0.030845 seconds 
========================================================================
Received Import Request.
  Time since last request: 0.000153 seconds.
  path: Assets/Gizmos/Cinemachine/cm_logo_lg.png
  artifactKey: Guid(57a35bfc49503534cb7e397dd122669f) Importer(815301076,1909f56bfc062723c751e8b465ee728b)
Start importing Assets/Gizmos/Cinemachine/cm_logo_lg.png using Guid(57a35bfc49503534cb7e397dd122669f) Importer(815301076,1909f56bfc062723c751e8b465ee728b)  -> (artifact id: '22d90ae322b50d15d5d2fe3364c2bcc1') in 0.080314 seconds 
========================================================================
Received Import Request.
  Time since last request: 0.000047 seconds.
  path: Assets/Scripts/ProjectBase/Pool/PoolMgr.cs
  artifactKey: Guid(3f0a6a9dc0aa6bb4ca0830268a9d9d68) Importer(815301076,1909f56bfc062723c751e8b465ee728b)
Start importing Assets/Scripts/ProjectBase/Pool/PoolMgr.cs using Guid(3f0a6a9dc0aa6bb4ca0830268a9d9d68) Importer(815301076,1909f56bfc062723c751e8b465ee728b)  -> (artifact id: '31b7b62605f352945a67005ec18f5bfa') in 0.006589 seconds 
========================================================================
Received Import Request.
  Time since last request: 20.712469 seconds.
  path: Assets/Resources/Shaders
  artifactKey: Guid(e74c16fd7f1ffc146a9f56b714e477d4) Importer(815301076,1909f56bfc062723c751e8b465ee728b)
Start importing Assets/Resources/Shaders using Guid(e74c16fd7f1ffc146a9f56b714e477d4) Importer(815301076,1909f56bfc062723c751e8b465ee728b)  -> (artifact id: 'e8e010a2977864c181795b1a5dc77209') in 0.003913 seconds 
========================================================================
Received Import Request.
  Time since last request: 0.225230 seconds.
  path: Assets/Resources/UI
  artifactKey: Guid(4781c8326e0ed4f4fbfd5c7ec802646f) Importer(815301076,1909f56bfc062723c751e8b465ee728b)
Start importing Assets/Resources/UI using Guid(4781c8326e0ed4f4fbfd5c7ec802646f) Importer(815301076,1909f56bfc062723c751e8b465ee728b)  -> (artifact id: 'e02c88d31e1c667361ea772d56cfd01a') in 0.006452 seconds 
========================================================================
Received Import Request.
  Time since last request: 1.307535 seconds.
  path: Assets/Resources/Shaders/lclscreenEffectZoom.shader
  artifactKey: Guid(40ec6f6302dbe5f4b8f29c2e5cd5d05f) Importer(815301076,1909f56bfc062723c751e8b465ee728b)
Start importing Assets/Resources/Shaders/lclscreenEffectZoom.shader using Guid(40ec6f6302dbe5f4b8f29c2e5cd5d05f) Importer(815301076,1909f56bfc062723c751e8b465ee728b)  -> (artifact id: 'abf0da04e83dd7d7fa64b558400cebeb') in 0.011682 seconds 
========================================================================
Received Import Request.
  Time since last request: 0.748941 seconds.
  path: Assets/Resources/Materials/LaserLine.mat
  artifactKey: Guid(0c3ad94fc7091b74e9980e4e7c976c04) Importer(815301076,1909f56bfc062723c751e8b465ee728b)
Start importing Assets/Resources/Materials/LaserLine.mat using Guid(0c3ad94fc7091b74e9980e4e7c976c04) Importer(815301076,1909f56bfc062723c751e8b465ee728b)  -> (artifact id: '8e4f817822a2520488b1c3ce6cba7da1') in 0.169903 seconds 
========================================================================
Received Import Request.
  Time since last request: 1.348564 seconds.
  path: Assets/Resources/GameData/GameData.txt
  artifactKey: Guid(318f74e0571a9e34eaedc30a6733cb5b) Importer(815301076,1909f56bfc062723c751e8b465ee728b)
Start importing Assets/Resources/GameData/GameData.txt using Guid(318f74e0571a9e34eaedc30a6733cb5b) Importer(815301076,1909f56bfc062723c751e8b465ee728b)  -> (artifact id: '53c5d9d4fc71b98861fe04836948ba12') in 0.014071 seconds 
========================================================================
Received Import Request.
  Time since last request: 1.820943 seconds.
  path: Assets/Resources/UI/Canvas.prefab
  artifactKey: Guid(58c27e21cdbebfc4ebd0346c429b6ada) Importer(815301076,1909f56bfc062723c751e8b465ee728b)
Start importing Assets/Resources/UI/Canvas.prefab using Guid(58c27e21cdbebfc4ebd0346c429b6ada) Importer(815301076,1909f56bfc062723c751e8b465ee728b)  -> (artifact id: '76d7e6516ffe672b5df7f2ce2b8ea842') in 0.021973 seconds 
========================================================================
Received Import Request.
  Time since last request: 0.000040 seconds.
  path: Assets/Resources/UI/MainPanel.prefab
  artifactKey: Guid(97306e47c07a3354a8188332cc9e1ef2) Importer(815301076,1909f56bfc062723c751e8b465ee728b)
Start importing Assets/Resources/UI/MainPanel.prefab using Guid(97306e47c07a3354a8188332cc9e1ef2) Importer(815301076,1909f56bfc062723c751e8b465ee728b)  -> (artifact id: 'dd154f8438f6a4db4eeee563b87a28ee') in 0.029353 seconds 
========================================================================
Received Import Request.
  Time since last request: 0.000039 seconds.
  path: Assets/Resources/UI/LoginPanel.prefab
  artifactKey: Guid(5216906bcc6754b418f402a27b0971ee) Importer(815301076,1909f56bfc062723c751e8b465ee728b)
Start importing Assets/Resources/UI/LoginPanel.prefab using Guid(5216906bcc6754b418f402a27b0971ee) Importer(815301076,1909f56bfc062723c751e8b465ee728b)  -> (artifact id: '8b37d21f38dcce825a1626a276f6608d') in 0.011152 seconds 
========================================================================
Received Import Request.
  Time since last request: 0.625634 seconds.
  path: Assets/Resources/Pools/Bullet.prefab
  artifactKey: Guid(62d678d24d348fd428b60ee1d67b42c0) Importer(815301076,1909f56bfc062723c751e8b465ee728b)
Start importing Assets/Resources/Pools/Bullet.prefab using Guid(62d678d24d348fd428b60ee1d67b42c0) Importer(815301076,1909f56bfc062723c751e8b465ee728b)  -> (artifact id: 'e5cb27d0c64e883895a15cd186e8e3ed') in 0.021030 seconds 
========================================================================
Received Import Request.
  Time since last request: 8.776737 seconds.
  path: Assets/Scenes/SampleScene.unity
  artifactKey: Guid(9fc0d4010bbf28b4594072e72b8655ab) Importer(815301076,1909f56bfc062723c751e8b465ee728b)
Start importing Assets/Scenes/SampleScene.unity using Guid(9fc0d4010bbf28b4594072e72b8655ab) Importer(815301076,1909f56bfc062723c751e8b465ee728b)  -> (artifact id: 'e55ccaa32d8e5c1de03c07a5412c8c3c') in 0.004226 seconds 
========================================================================
Received Import Request.
  Time since last request: 0.269327 seconds.
  path: Assets/Scenes/Main.unity
  artifactKey: Guid(91436e2378020b0438b5876a66bc7811) Importer(815301076,1909f56bfc062723c751e8b465ee728b)
Start importing Assets/Scenes/Main.unity using Guid(91436e2378020b0438b5876a66bc7811) Importer(815301076,1909f56bfc062723c751e8b465ee728b)  -> (artifact id: '92cfeaa0b4dba9b42a936caaa1bc6feb') in 0.003429 seconds 
========================================================================
Received Import Request.
  Time since last request: 0.332153 seconds.
  path: Assets/Scenes/GameStart.unity
  artifactKey: Guid(a81dd6b4e5c453042bafe8dc327bca3c) Importer(815301076,1909f56bfc062723c751e8b465ee728b)
Start importing Assets/Scenes/GameStart.unity using Guid(a81dd6b4e5c453042bafe8dc327bca3c) Importer(815301076,1909f56bfc062723c751e8b465ee728b)  -> (artifact id: 'd040982607adee7283e1780d38282e7d') in 0.004128 seconds 
========================================================================
Received Import Request.
  Time since last request: 8.939406 seconds.
  path: Assets/Scripts/ProjectBase/Base
  artifactKey: Guid(fd97613a55e1f8449b1d383f4799261d) Importer(815301076,1909f56bfc062723c751e8b465ee728b)
Start importing Assets/Scripts/ProjectBase/Base using Guid(fd97613a55e1f8449b1d383f4799261d) Importer(815301076,1909f56bfc062723c751e8b465ee728b)  -> (artifact id: 'a77057c0e1707e2a70ff2c559bb6812b') in 0.006123 seconds 
========================================================================
Received Import Request.
  Time since last request: 1.506919 seconds.
  path: Assets/Scripts/ProjectBase/Base/CilckObjBase.cs
  artifactKey: Guid(9d32ea4181f78564a9e64e37e5946d6a) Importer(815301076,1909f56bfc062723c751e8b465ee728b)
Start importing Assets/Scripts/ProjectBase/Base/CilckObjBase.cs using Guid(9d32ea4181f78564a9e64e37e5946d6a) Importer(815301076,1909f56bfc062723c751e8b465ee728b)  -> (artifact id: 'fbe1b8b86aaac4389cc1f49c286ac6eb') in 0.004310 seconds 
========================================================================
Received Import Request.
  Time since last request: 0.723276 seconds.
  path: Assets/Scripts/ProjectBase/Base/BaseManager.cs
  artifactKey: Guid(0df36fe7932fd2043be7874fde40a0c1) Importer(815301076,1909f56bfc062723c751e8b465ee728b)
Start importing Assets/Scripts/ProjectBase/Base/BaseManager.cs using Guid(0df36fe7932fd2043be7874fde40a0c1) Importer(815301076,1909f56bfc062723c751e8b465ee728b)  -> (artifact id: '5ef152475fcba9c6c3e5a1fe50a33dfc') in 0.003325 seconds 
========================================================================
Received Import Request.
  Time since last request: 5.994010 seconds.
  path: Assets/Scripts/ProjectBase/Event/EventCenter.cs
  artifactKey: Guid(e63fcbef1c635da44a4169c378543950) Importer(815301076,1909f56bfc062723c751e8b465ee728b)
Start importing Assets/Scripts/ProjectBase/Event/EventCenter.cs using Guid(e63fcbef1c635da44a4169c378543950) Importer(815301076,1909f56bfc062723c751e8b465ee728b)  -> (artifact id: '1d744d71d063280b6251251bc0e9ddee') in 0.003957 seconds 
========================================================================
Received Import Request.
  Time since last request: 2.595524 seconds.
  path: Assets/Scripts/ProjectBase/Mono/MonoController.cs
  artifactKey: Guid(88b796d2e5084b642857b9b2c2aa1d3e) Importer(815301076,1909f56bfc062723c751e8b465ee728b)
Start importing Assets/Scripts/ProjectBase/Mono/MonoController.cs using Guid(88b796d2e5084b642857b9b2c2aa1d3e) Importer(815301076,1909f56bfc062723c751e8b465ee728b)  -> (artifact id: 'a5e18fb287714746fbd8fd6a71157029') in 0.003131 seconds 
========================================================================
Received Import Request.
  Time since last request: 6.205736 seconds.
  path: Assets/Scripts/ProjectBase/Mono/MonoMgr.cs
  artifactKey: Guid(ac23176e235a19b4cafa3f8d3181be0c) Importer(815301076,1909f56bfc062723c751e8b465ee728b)
Start importing Assets/Scripts/ProjectBase/Mono/MonoMgr.cs using Guid(ac23176e235a19b4cafa3f8d3181be0c) Importer(815301076,1909f56bfc062723c751e8b465ee728b)  -> (artifact id: '53155748b9ef498db959f5260b113cf9') in 0.003719 seconds 
========================================================================
Received Import Request.
  Time since last request: 14.952494 seconds.
  path: Assets/Scripts/ProjectBase/UI/BasePanel.cs
  artifactKey: Guid(00d27a205b8cb774f8c82a40aa10cc91) Importer(815301076,1909f56bfc062723c751e8b465ee728b)
Start importing Assets/Scripts/ProjectBase/UI/BasePanel.cs using Guid(00d27a205b8cb774f8c82a40aa10cc91) Importer(815301076,1909f56bfc062723c751e8b465ee728b)  -> (artifact id: '8f1a7cbc9de6e372f1c3016d3ff3dc09') in 0.005915 seconds 
========================================================================
Received Import Request.
  Time since last request: 1.503197 seconds.
  path: Assets/Scripts/ProjectBase/UI/GameMapManager.cs
  artifactKey: Guid(5167a7e3464ed434d95cbc3d10a2cbd4) Importer(815301076,1909f56bfc062723c751e8b465ee728b)
Start importing Assets/Scripts/ProjectBase/UI/GameMapManager.cs using Guid(5167a7e3464ed434d95cbc3d10a2cbd4) Importer(815301076,1909f56bfc062723c751e8b465ee728b)  -> (artifact id: 'f9d7c8bb0ac5a8caabccde4657aa5134') in 0.004600 seconds 
========================================================================
Received Import Request.
  Time since last request: 0.250398 seconds.
  path: Assets/Scripts/ProjectBase/UI/UIManager.cs
  artifactKey: Guid(016c19915f9f9ae41aeaf1ff84082dbd) Importer(815301076,1909f56bfc062723c751e8b465ee728b)
Start importing Assets/Scripts/ProjectBase/UI/UIManager.cs using Guid(016c19915f9f9ae41aeaf1ff84082dbd) Importer(815301076,1909f56bfc062723c751e8b465ee728b)  -> (artifact id: 'e860db0b9c99a46f2d28c2495afd779a') in 0.007387 seconds 
========================================================================
Received Import Request.
  Time since last request: 36.433647 seconds.
  path: Assets/codeandweb.com/Editor/TexturePackerImporter.dll
  artifactKey: Guid(98b6c1804f4a04425b029daa48d60214) Importer(815301076,1909f56bfc062723c751e8b465ee728b)
Start importing Assets/codeandweb.com/Editor/TexturePackerImporter.dll using Guid(98b6c1804f4a04425b029daa48d60214) Importer(815301076,1909f56bfc062723c751e8b465ee728b)  -> (artifact id: '5a5d0838e81747d12f8776637291047e') in 1.178027 seconds 
